Content-Type: text/plain; charset="utf-8"
MIME-Version: 1.0
Content-Transfer-Encoding: 7bit
Subject: Elk Lodge Inquiry
From: imfake@email.com
To: test@email.com
Date: Sat, 30 Dec 2017 19:54:23 -0000
Message-ID: <20171230195423.18760.84547@angelas-mbp.attlocal.net>

This is a confirmation of your recent inquiry to the Elk Lodge
-------------------------------------------------------------------------------
Content-Type: text/plain; charset="utf-8"
MIME-Version: 1.0
Content-Transfer-Encoding: 7bit
Subject: [Django] Elk Lodge Inquiry
From: root@localhost
To: leead4@gmail.com
Date: Sat, 30 Dec 2017 19:54:23 -0000
Message-ID: <20171230195423.18760.10033@angelas-mbp.attlocal.net>

This is a confirmation of your recent inquiry to the Elk Lodge
-------------------------------------------------------------------------------
